<?xml version="1.0" encoding="UTF-8"?>
<!-- Generated by org.testng.reporters.JUnitReportReporter -->
<testsuite hostname="Ayobamis-MacBook-Pro.local" failures="0" tests="1" name="org.spaces.trivia" time="5.850" errors="0" timestamp="22 Apr 2021 18:02:28 GMT" skipped="0">
  <testcase classname="org.spaces.trivia" name="triviaTest" time="5.850"/>
</testsuite> <!-- org.spaces.trivia -->
