<?xml version="1.0" encoding="UTF-8"?>
<!-- Generated by org.testng.reporters.JUnitReportReporter -->
<testsuite hostname="Ayobamis-MacBook-Pro.local" failures="0" tests="1" name="org.spaces.adminUsers" time="7.075" errors="0" timestamp="22 Apr 2021 18:02:28 GMT" skipped="0">
  <testcase classname="org.spaces.adminUsers" name="adminUsersTest" time="7.075"/>
</testsuite> <!-- org.spaces.adminUsers -->
