<?xml version="1.0" encoding="UTF-8"?>
<!-- Generated by org.testng.reporters.JUnitReportReporter -->
<testsuite hostname="Ayobamis-MacBook-Pro.local" failures="0" tests="1" name="org.spaces.dashboard" time="7.291" errors="0" timestamp="22 Apr 2021 18:02:28 GMT" skipped="0">
  <testcase classname="org.spaces.dashboard" name="dashboardTest" time="7.291"/>
</testsuite> <!-- org.spaces.dashboard -->
