<?xml version="1.0" encoding="UTF-8"?>
<!-- Generated by org.testng.reporters.JUnitReportReporter -->
<testsuite hostname="Ayobamis-MacBook-Pro.local" failures="0" tests="1" name="org.spaces.generateOtp" time="6.120" errors="0" timestamp="22 Apr 2021 18:02:28 GMT" skipped="0">
  <testcase classname="org.spaces.generateOtp" name="generateOtpTest" time="6.120"/>
</testsuite> <!-- org.spaces.generateOtp -->
