<?xml version="1.0" encoding="UTF-8"?>
<!-- Generated by org.testng.reporters.JUnitReportReporter -->
<testsuite hostname="Ayobamis-MacBook-Pro.local" failures="0" tests="1" name="org.spaces.adminRealms" time="6.718" errors="0" timestamp="22 Apr 2021 10:06:53 GMT" skipped="0">
  <testcase classname="org.spaces.adminRealms" name="adminRealmsTest" time="6.718"/>
</testsuite> <!-- org.spaces.adminRealms -->
